app/build/intermediates/manifest_merge_blame_file/debug/manifest-merger-blame-debug-report.txt
1<?xml version="1.0" encoding="utf-8"?>
2<manifest xmlns:android="http://schemas.android.com/apk/res/android"
3    package="com.hongyan.hyutil"
4    android:versionCode="2"
5    android:versionName="1.0.1" >
6
7    <uses-sdk
8        android:minSdkVersion="21"
8-->src\main\AndroidManifest.xml
9        android:targetSdkVersion="30" />
9-->src\main\AndroidManifest.xml
10
11    <uses-permission android:name="android.permission.MODIFY_AUDIO_SETTINGS" />
11-->src\main\AndroidManifest.xml:6:5-80
11-->src\main\AndroidManifest.xml:6:22-77
12    <uses-permission android:name="android.permission.VIBRATE" />
12-->src\main\AndroidManifest.xml:7:5-66
12-->src\main\AndroidManifest.xml:7:22-63
13    <!-- 选择图片功能 -->
14    <uses-permission android:name="android.permission.READ_EXTERNAL_STORAGE" />
14-->src\main\AndroidManifest.xml:9:5-80
14-->src\main\AndroidManifest.xml:9:22-77
15    <uses-permission android:name="android.permission.CAMERA" />
15-->src\main\AndroidManifest.xml:10:5-65
15-->src\main\AndroidManifest.xml:10:22-62
16
17    <uses-feature android:name="android.hardware.camera" />
17-->src\main\AndroidManifest.xml:11:5-60
17-->src\main\AndroidManifest.xml:11:19-57
18    <uses-feature android:name="android.hardware.camera.autofocus" />
18-->src\main\AndroidManifest.xml:12:5-70
18-->src\main\AndroidManifest.xml:12:19-67
19
20    <uses-permission android:name="android.permission.RECORD_AUDIO" />
20-->src\main\AndroidManifest.xml:13:5-71
20-->src\main\AndroidManifest.xml:13:22-68
21    <!-- 用于进行网络定位 -->
22    <uses-permission android:name="android.permission.ACCESS_COARSE_LOCATION" />
22-->src\main\AndroidManifest.xml:15:5-81
22-->src\main\AndroidManifest.xml:15:22-78
23    <!-- 用于访问GPS定位 -->
24    <uses-permission android:name="android.permission.ACCESS_FINE_LOCATION" />
24-->src\main\AndroidManifest.xml:17:5-79
24-->src\main\AndroidManifest.xml:17:22-76
25    <!-- 获取运营商信息，用于支持提供运营商信息相关的接口 -->
26    <uses-permission android:name="android.permission.ACCESS_NETWORK_STATE" />
26-->src\main\AndroidManifest.xml:19:5-79
26-->src\main\AndroidManifest.xml:19:22-76
27    <!-- 用于访问wifi网络信息，wifi信息会用于进行网络定位 -->
28    <uses-permission android:name="android.permission.ACCESS_WIFI_STATE" />
28-->src\main\AndroidManifest.xml:21:5-76
28-->src\main\AndroidManifest.xml:21:22-73
29    <!-- 这个权限用于获取wifi的获取权限，wifi信息会用来进行网络定位 -->
30    <uses-permission android:name="android.permission.CHANGE_WIFI_STATE" />
30-->src\main\AndroidManifest.xml:23:5-76
30-->src\main\AndroidManifest.xml:23:22-73
31    <!-- 用于访问网络，网络定位需要上网 -->
32    <uses-permission android:name="android.permission.INTERNET" />
32-->src\main\AndroidManifest.xml:25:5-67
32-->src\main\AndroidManifest.xml:25:22-64
33    <!-- 用于读取手机当前的状态 -->
34    <uses-permission android:name="android.permission.READ_PHONE_STATE" />
34-->src\main\AndroidManifest.xml:27:5-75
34-->src\main\AndroidManifest.xml:27:22-72
35    <!-- 写入扩展存储，向扩展卡写入数据，用于写入缓存定位数据 -->
36    <uses-permission android:name="android.permission.WRITE_EXTERNAL_STORAGE" />
36-->src\main\AndroidManifest.xml:29:5-81
36-->src\main\AndroidManifest.xml:29:22-78
37    <!-- 用于申请调用A-GPS模块 -->
38    <uses-permission android:name="android.permission.ACCESS_LOCATION_EXTRA_COMMANDS" />
38-->src\main\AndroidManifest.xml:31:5-89
38-->src\main\AndroidManifest.xml:31:22-86
39    <!-- 用于申请获取蓝牙信息进行室内定位 -->
40    <uses-permission android:name="android.permission.BLUETOOTH" />
40-->src\main\AndroidManifest.xml:33:5-68
40-->src\main\AndroidManifest.xml:33:22-65
41    <uses-permission android:name="android.permission.BLUETOOTH_ADMIN" />
41-->src\main\AndroidManifest.xml:34:5-74
41-->src\main\AndroidManifest.xml:34:22-71
42    <uses-permission android:name="android.permission.READ_LOGS" />
42-->src\main\AndroidManifest.xml:35:5-36:47
42-->src\main\AndroidManifest.xml:35:22-65
43
44    <uses-feature
44-->[com.otaliastudios:cameraview:2.4.0] AndroidManifest.xml:25:5-27:36
45        android:name="android.hardware.camera.front"
45-->[com.otaliastudios:cameraview:2.4.0] AndroidManifest.xml:26:9-53
46        android:required="false" />
46-->[com.otaliastudios:cameraview:2.4.0] AndroidManifest.xml:27:9-33
47    <uses-feature
47-->[com.otaliastudios:cameraview:2.4.0] AndroidManifest.xml:28:5-30:36
48        android:name="android.hardware.microphone"
48-->[com.otaliastudios:cameraview:2.4.0] AndroidManifest.xml:29:9-51
49        android:required="false" />
49-->[com.otaliastudios:cameraview:2.4.0] AndroidManifest.xml:30:9-33
50
51    <uses-permission android:name="android.permission.FLASHLIGHT" />
51-->[cn.bingoogolapple:bga-qrcode-core:1.3.7] AndroidManifest.xml:10:5-69
51-->[cn.bingoogolapple:bga-qrcode-core:1.3.7] AndroidManifest.xml:10:22-66
52
53    <uses-feature
53-->[cn.bingoogolapple:bga-qrcode-core:1.3.7] AndroidManifest.xml:15:5-17:36
54        android:name="android.hardware.camera.flash"
54-->[cn.bingoogolapple:bga-qrcode-core:1.3.7] AndroidManifest.xml:16:9-53
55        android:required="false" />
55-->[cn.bingoogolapple:bga-qrcode-core:1.3.7] AndroidManifest.xml:17:9-33
56
57    <application
57-->src\main\AndroidManifest.xml:38:5-126:19
58        android:name="com.hongyan.hyutil.BaseApplication"
58-->src\main\AndroidManifest.xml:39:9-58
59        android:allowBackup="true"
59-->src\main\AndroidManifest.xml:40:9-35
60        android:appComponentFactory="androidx.core.app.CoreComponentFactory"
60-->[androidx.core:core:1.3.1] AndroidManifest.xml:24:18-86
61        android:debuggable="true"
62        android:icon="@mipmap/app_logo"
62-->src\main\AndroidManifest.xml:41:9-40
63        android:label="@string/app_name"
63-->src\main\AndroidManifest.xml:42:9-41
64        android:roundIcon="@mipmap/app_logo"
64-->src\main\AndroidManifest.xml:43:9-45
65        android:supportsRtl="true"
65-->src\main\AndroidManifest.xml:44:9-35
66        android:testOnly="true"
67        android:theme="@style/AppTheme" >
67-->src\main\AndroidManifest.xml:45:9-40
68        <activity
68-->src\main\AndroidManifest.xml:46:9-55:20
69            android:name="com.hongyan.hyutil.model.SplashActivity"
69-->src\main\AndroidManifest.xml:47:13-67
70            android:screenOrientation="portrait"
70-->src\main\AndroidManifest.xml:48:13-49
71            android:theme="@android:style/Theme.Translucent.NoTitleBar" >
71-->src\main\AndroidManifest.xml:49:13-72
72            <intent-filter>
72-->src\main\AndroidManifest.xml:50:13-54:29
73                <action android:name="android.intent.action.MAIN" />
73-->src\main\AndroidManifest.xml:51:17-69
73-->src\main\AndroidManifest.xml:51:25-66
74
75                <category android:name="android.intent.category.LAUNCHER" />
75-->src\main\AndroidManifest.xml:53:17-77
75-->src\main\AndroidManifest.xml:53:27-74
76            </intent-filter>
77        </activity>
78        <activity
78-->src\main\AndroidManifest.xml:57:9-59:100
79            android:name="com.hongyan.hyutil.MainActivity"
79-->src\main\AndroidManifest.xml:58:13-59
80            android:configChanges="keyboardHidden|orientation|screenSize|locale|layoutDirection" />
80-->src\main\AndroidManifest.xml:59:13-97
81        <!-- 适配方案 -->
82        <meta-data
82-->src\main\AndroidManifest.xml:61:9-63:35
83            android:name="design_width_in_dp"
83-->src\main\AndroidManifest.xml:62:13-46
84            android:value="360" />
84-->src\main\AndroidManifest.xml:63:13-32
85        <meta-data
85-->src\main\AndroidManifest.xml:64:9-66:35
86            android:name="design_height_in_dp"
86-->src\main\AndroidManifest.xml:65:13-47
87            android:value="640" />
87-->src\main\AndroidManifest.xml:66:13-32
88
89        <activity android:name="com.hongyan.hyutil.model.wanandroid.WanAndroidActivity" />
89-->src\main\AndroidManifest.xml:68:9-91
89-->src\main\AndroidManifest.xml:68:19-88
90        <activity android:name="com.hongyan.hyutil.model.wanandroid.activity.WanAndroidItemDataActivity" />
90-->src\main\AndroidManifest.xml:69:9-108
90-->src\main\AndroidManifest.xml:69:19-105
91        <activity android:name="com.hongyan.hyutil.model.pay.PayActivity" />
91-->src\main\AndroidManifest.xml:70:9-77
91-->src\main\AndroidManifest.xml:70:19-74
92        <activity android:name="com.hongyan.hyutil.model.scaner.ScannerCodeActivity" />
92-->src\main\AndroidManifest.xml:71:9-88
92-->src\main\AndroidManifest.xml:71:19-85
93        <activity android:name="com.hongyan.hyutil.model.custom.BaseCustomViewActivity" />
93-->src\main\AndroidManifest.xml:72:9-91
93-->src\main\AndroidManifest.xml:72:19-88
94        <activity android:name="com.hongyan.hyutil.model.multiple.MultipleItemActivity" />
94-->src\main\AndroidManifest.xml:73:9-91
94-->src\main\AndroidManifest.xml:73:19-88
95        <activity android:name="com.hongyan.hyutil.model.LateralSpreadActivity" />
95-->src\main\AndroidManifest.xml:74:9-83
95-->src\main\AndroidManifest.xml:74:19-80
96        <activity android:name="com.hongyan.hyutil.model.custom.CustomView01Activity" />
96-->src\main\AndroidManifest.xml:75:9-89
96-->src\main\AndroidManifest.xml:75:19-86
97        <activity
97-->src\main\AndroidManifest.xml:76:9-78:47
98            android:name="com.hongyan.hyutil.model.PubActivity"
98-->src\main\AndroidManifest.xml:77:13-64
99            android:theme="@style/PubTheme" />
99-->src\main\AndroidManifest.xml:78:13-44
100        <activity android:name="com.hongyan.hyutil.model.WebViewActivity" />
100-->src\main\AndroidManifest.xml:79:9-77
100-->src\main\AndroidManifest.xml:79:19-74
101        <activity android:name="com.hongyan.hyutil.model.contactview.AddressSortActivity" />
101-->src\main\AndroidManifest.xml:80:9-93
101-->src\main\AndroidManifest.xml:80:19-90
102        <activity android:name="com.hongyan.hyutil.model.PasswordInputActivity" />
102-->src\main\AndroidManifest.xml:81:9-83
102-->src\main\AndroidManifest.xml:81:19-80
103        <activity android:name="com.hongyan.hyutil.model.custom.camera.CameraActivity" />
103-->src\main\AndroidManifest.xml:82:9-90
103-->src\main\AndroidManifest.xml:82:19-87
104        <activity android:name="com.hongyan.hyutil.model.custom.camera.PicturePreviewActivity" />
104-->src\main\AndroidManifest.xml:83:9-98
104-->src\main\AndroidManifest.xml:83:19-95
105        <activity android:name="com.hongyan.hyutil.model.custom.camera.VideoPreviewActivity" />
105-->src\main\AndroidManifest.xml:84:9-96
105-->src\main\AndroidManifest.xml:84:19-93
106        <!-- 定位方法列表 -->
107        <activity android:name="com.hongyan.hyutil.model.positioning.PositioningActivity" />
107-->src\main\AndroidManifest.xml:86:9-93
107-->src\main\AndroidManifest.xml:86:19-90
108        <activity android:name="com.hongyan.hyutil.model.positioning.GpsActivity" />
108-->src\main\AndroidManifest.xml:87:9-85
108-->src\main\AndroidManifest.xml:87:19-82
109        <activity android:name="com.hongyan.hyutil.model.positioning.GaodeActivity" />
109-->src\main\AndroidManifest.xml:88:9-87
109-->src\main\AndroidManifest.xml:88:19-84
110        <activity android:name="com.hongyan.hyutil.model.positioning.BaiduActivity" />
110-->src\main\AndroidManifest.xml:89:9-87
110-->src\main\AndroidManifest.xml:89:19-84
111        <!-- 选择图片 -->
112        <activity android:name="com.hongyan.hyutil.model.img.SelectImageActivity" />
112-->src\main\AndroidManifest.xml:91:9-85
112-->src\main\AndroidManifest.xml:91:19-82
113        <!-- 轮询方法 -->
114        <activity android:name="com.hongyan.hyutil.model.polling.PollingActivity" />
114-->src\main\AndroidManifest.xml:93:9-85
114-->src\main\AndroidManifest.xml:93:19-82
115        <!-- 分享 -->
116        <activity android:name="com.hongyan.hyutil.model.ShareActivity" />
116-->src\main\AndroidManifest.xml:95:9-75
116-->src\main\AndroidManifest.xml:95:19-72
117        <activity android:name="com.hongyan.hyutil.model.MarqueeViewActivity" />
117-->src\main\AndroidManifest.xml:96:9-81
117-->src\main\AndroidManifest.xml:96:19-78
118        <activity android:name="com.hongyan.hyutil.model.knowpreview.KnowPreviewActivity" />
118-->src\main\AndroidManifest.xml:97:9-93
118-->src\main\AndroidManifest.xml:97:19-90
119        <activity android:name="com.hongyan.hyutil.model.ShopActivity" />
119-->src\main\AndroidManifest.xml:98:9-74
119-->src\main\AndroidManifest.xml:98:19-71
120        <activity android:name="com.hongyan.hyutil.model.transformerslayout.TransformersLayoutActivity" />
120-->src\main\AndroidManifest.xml:99:9-107
120-->src\main\AndroidManifest.xml:99:19-104
121        <activity android:name="com.hongyan.hyutil.model.draganddrop.DragAndDropActivity" />
121-->src\main\AndroidManifest.xml:100:9-93
121-->src\main\AndroidManifest.xml:100:19-90
122
123        <!-- 高德定位key -->
124        <meta-data
124-->src\main\AndroidManifest.xml:103:9-105:64
125            android:name="com.amap.api.v2.apikey"
125-->src\main\AndroidManifest.xml:104:13-50
126            android:value="4fe53d819ce174c0be2d886f614dc980" />
126-->src\main\AndroidManifest.xml:105:13-61
127
128        <service android:name="com.amap.api.location.APSService" />
128-->src\main\AndroidManifest.xml:106:9-68
128-->src\main\AndroidManifest.xml:106:18-65
129        <!-- 百度定位 -->
130        <meta-data
130-->src\main\AndroidManifest.xml:108:9-110:64
131            android:name="com.baidu.lbsapi.API_KEY"
131-->src\main\AndroidManifest.xml:109:13-52
132            android:value="AvD4ntkQQ9aQejaoY5V6uCDcoFQT7ae7" />
132-->src\main\AndroidManifest.xml:110:13-61
133
134        <service
134-->src\main\AndroidManifest.xml:111:9-114:41
135            android:name="com.baidu.location.f"
135-->src\main\AndroidManifest.xml:112:13-48
136            android:enabled="true"
136-->src\main\AndroidManifest.xml:113:13-35
137            android:process=":remote" />
137-->src\main\AndroidManifest.xml:114:13-38
138        <!-- android:authorities="${application}.provider" -->
139        <provider
139-->src\main\AndroidManifest.xml:116:9-124:20
140            android:name="androidx.core.content.FileProvider"
140-->src\main\AndroidManifest.xml:117:13-62
141            android:authorities="com.hongyan.hyutil.provider"
141-->src\main\AndroidManifest.xml:118:13-62
142            android:exported="false"
142-->src\main\AndroidManifest.xml:119:13-37
143            android:grantUriPermissions="true" >
143-->src\main\AndroidManifest.xml:120:13-47
144            <meta-data
144-->src\main\AndroidManifest.xml:121:13-123:54
145                android:name="android.support.FILE_PROVIDER_PATHS"
145-->src\main\AndroidManifest.xml:122:17-67
146                android:resource="@xml/file_paths" />
146-->src\main\AndroidManifest.xml:123:17-51
147        </provider>
148        <provider
148-->[com.github.LuckSiege.PictureSelector:picture_library:v2.4.1] AndroidManifest.xml:12:9-20:20
149            android:name="com.luck.picture.lib.PictureFileProvider"
149-->[com.github.LuckSiege.PictureSelector:picture_library:v2.4.1] AndroidManifest.xml:13:13-68
150            android:authorities="com.hongyan.hyutil.provider"
150-->[com.github.LuckSiege.PictureSelector:picture_library:v2.4.1] AndroidManifest.xml:14:13-60
151            android:exported="false"
151-->[com.github.LuckSiege.PictureSelector:picture_library:v2.4.1] AndroidManifest.xml:15:13-37
152            android:grantUriPermissions="true" >
152-->[com.github.LuckSiege.PictureSelector:picture_library:v2.4.1] AndroidManifest.xml:16:13-47
153            <meta-data
153-->src\main\AndroidManifest.xml:121:13-123:54
154                android:name="android.support.FILE_PROVIDER_PATHS"
154-->src\main\AndroidManifest.xml:122:17-67
155                android:resource="@xml/file_paths" />
155-->src\main\AndroidManifest.xml:123:17-51
156        </provider>
157
158        <activity
158-->[com.github.LuckSiege.PictureSelector:picture_library:v2.4.1] AndroidManifest.xml:22:9-24:77
159            android:name="com.luck.picture.lib.PictureSelectorActivity"
159-->[com.github.LuckSiege.PictureSelector:picture_library:v2.4.1] AndroidManifest.xml:23:13-72
160            android:configChanges="orientation|keyboardHidden|screenSize" />
160-->[com.github.LuckSiege.PictureSelector:picture_library:v2.4.1] AndroidManifest.xml:24:13-74
161        <activity
161-->[com.github.LuckSiege.PictureSelector:picture_library:v2.4.1] AndroidManifest.xml:25:9-27:77
162            android:name="com.luck.picture.lib.PictureSelectorWeChatStyleActivity"
162-->[com.github.LuckSiege.PictureSelector:picture_library:v2.4.1] AndroidManifest.xml:26:13-83
163            android:configChanges="orientation|keyboardHidden|screenSize" />
163-->[com.github.LuckSiege.PictureSelector:picture_library:v2.4.1] AndroidManifest.xml:27:13-74
164        <activity
164-->[com.github.LuckSiege.PictureSelector:picture_library:v2.4.1] AndroidManifest.xml:28:9-31:64
165            android:name="com.luck.picture.lib.PictureSelectorCameraEmptyActivity"
165-->[com.github.LuckSiege.PictureSelector:picture_library:v2.4.1] AndroidManifest.xml:29:13-83
166            android:configChanges="orientation|keyboardHidden|screenSize"
166-->[com.github.LuckSiege.PictureSelector:picture_library:v2.4.1] AndroidManifest.xml:30:13-74
167            android:theme="@style/Picture.Theme.Translucent" />
167-->[com.github.LuckSiege.PictureSelector:picture_library:v2.4.1] AndroidManifest.xml:31:13-61
168        <activity
168-->[com.github.LuckSiege.PictureSelector:picture_library:v2.4.1] AndroidManifest.xml:32:9-34:77
169            android:name="com.luck.picture.lib.PicturePreviewActivity"
169-->[com.github.LuckSiege.PictureSelector:picture_library:v2.4.1] AndroidManifest.xml:33:13-71
170            android:configChanges="orientation|keyboardHidden|screenSize" />
170-->[com.github.LuckSiege.PictureSelector:picture_library:v2.4.1] AndroidManifest.xml:34:13-74
171        <activity
171-->[com.github.LuckSiege.PictureSelector:picture_library:v2.4.1] AndroidManifest.xml:35:9-37:77
172            android:name="com.luck.picture.lib.PictureSelectorPreviewWeChatStyleActivity"
172-->[com.github.LuckSiege.PictureSelector:picture_library:v2.4.1] AndroidManifest.xml:36:13-90
173            android:configChanges="orientation|keyboardHidden|screenSize" />
173-->[com.github.LuckSiege.PictureSelector:picture_library:v2.4.1] AndroidManifest.xml:37:13-74
174        <activity
174-->[com.github.LuckSiege.PictureSelector:picture_library:v2.4.1] AndroidManifest.xml:38:9-41:50
175            android:name="com.luck.picture.lib.PictureVideoPlayActivity"
175-->[com.github.LuckSiege.PictureSelector:picture_library:v2.4.1] AndroidManifest.xml:39:13-73
176            android:configChanges="orientation|keyboardHidden|screenSize"
176-->[com.github.LuckSiege.PictureSelector:picture_library:v2.4.1] AndroidManifest.xml:40:13-74
177            android:screenOrientation="sensor" />
177-->[com.github.LuckSiege.PictureSelector:picture_library:v2.4.1] AndroidManifest.xml:41:13-47
178        <activity
178-->[com.github.LuckSiege.PictureSelector:picture_library:v2.4.1] AndroidManifest.xml:42:9-44:77
179            android:name="com.luck.picture.lib.PictureExternalPreviewActivity"
179-->[com.github.LuckSiege.PictureSelector:picture_library:v2.4.1] AndroidManifest.xml:43:13-79
180            android:configChanges="orientation|keyboardHidden|screenSize" />
180-->[com.github.LuckSiege.PictureSelector:picture_library:v2.4.1] AndroidManifest.xml:44:13-74
181        <activity
181-->[com.github.LuckSiege.PictureSelector:picture_library:v2.4.1] AndroidManifest.xml:45:9-47:77
182            android:name="com.luck.picture.lib.PicturePlayAudioActivity"
182-->[com.github.LuckSiege.PictureSelector:picture_library:v2.4.1] AndroidManifest.xml:46:13-73
183            android:configChanges="orientation|keyboardHidden|screenSize" />
183-->[com.github.LuckSiege.PictureSelector:picture_library:v2.4.1] AndroidManifest.xml:47:13-74
184        <activity
184-->[com.github.LuckSiege.PictureSelector:picture_library:v2.4.1] AndroidManifest.xml:48:9-50:61
185            android:name="com.yalantis.ucrop.UCropActivity"
185-->[com.github.LuckSiege.PictureSelector:picture_library:v2.4.1] AndroidManifest.xml:49:13-60
186            android:theme="@style/Base.Theme.NoActionBar" />
186-->[com.github.LuckSiege.PictureSelector:picture_library:v2.4.1] AndroidManifest.xml:50:13-58
187        <activity
187-->[com.github.LuckSiege.PictureSelector:picture_library:v2.4.1] AndroidManifest.xml:51:9-53:61
188            android:name="com.yalantis.ucrop.PictureMultiCuttingActivity"
188-->[com.github.LuckSiege.PictureSelector:picture_library:v2.4.1] AndroidManifest.xml:52:13-74
189            android:theme="@style/Base.Theme.NoActionBar" />
189-->[com.github.LuckSiege.PictureSelector:picture_library:v2.4.1] AndroidManifest.xml:53:13-58
190        <activity
190-->[pub.devrel:easypermissions:2.0.0] AndroidManifest.xml:12:9-16:66
191            android:name="pub.devrel.easypermissions.AppSettingsDialogHolderActivity"
191-->[pub.devrel:easypermissions:2.0.0] AndroidManifest.xml:13:13-86
192            android:exported="false"
192-->[pub.devrel:easypermissions:2.0.0] AndroidManifest.xml:14:13-37
193            android:label=""
193-->[pub.devrel:easypermissions:2.0.0] AndroidManifest.xml:15:13-29
194            android:theme="@style/EasyPermissions.Transparent" />
194-->[pub.devrel:easypermissions:2.0.0] AndroidManifest.xml:16:13-63
195
196        <provider
196-->[com.simple:spiderman:1.1.5] AndroidManifest.xml:11:9-19:20
197            android:name="com.simple.spiderman.SpiderManFileProvider"
197-->[com.simple:spiderman:1.1.5] AndroidManifest.xml:12:13-70
198            android:authorities="com.hongyan.hyutil.spidermanfileprovider"
198-->[com.simple:spiderman:1.1.5] AndroidManifest.xml:13:13-73
199            android:exported="false"
199-->[com.simple:spiderman:1.1.5] AndroidManifest.xml:14:13-37
200            android:grantUriPermissions="true" >
200-->[com.simple:spiderman:1.1.5] AndroidManifest.xml:15:13-47
201            <meta-data
201-->src\main\AndroidManifest.xml:121:13-123:54
202                android:name="android.support.FILE_PROVIDER_PATHS"
202-->src\main\AndroidManifest.xml:122:17-67
203                android:resource="@xml/spiderman_file_paths" />
203-->src\main\AndroidManifest.xml:123:17-51
204        </provider>
205
206        <activity android:name="com.simple.spiderman.CrashActivity" />
206-->[com.simple:spiderman:1.1.5] AndroidManifest.xml:21:9-71
206-->[com.simple:spiderman:1.1.5] AndroidManifest.xml:21:19-68
207
208        <provider
208-->[me.jessyan:autosize:1.2.1] AndroidManifest.xml:12:9-16:43
209            android:name="me.jessyan.autosize.InitProvider"
209-->[me.jessyan:autosize:1.2.1] AndroidManifest.xml:13:13-60
210            android:authorities="com.hongyan.hyutil.autosize-init-provider"
210-->[me.jessyan:autosize:1.2.1] AndroidManifest.xml:14:13-74
211            android:exported="false"
211-->[me.jessyan:autosize:1.2.1] AndroidManifest.xml:15:13-37
212            android:multiprocess="true" />
212-->[me.jessyan:autosize:1.2.1] AndroidManifest.xml:16:13-40
213
214        <meta-data
214-->[com.google.android.gms:play-services-basement:17.0.0] AndroidManifest.xml:23:9-25:69
215            android:name="com.google.android.gms.version"
215-->[com.google.android.gms:play-services-basement:17.0.0] AndroidManifest.xml:24:13-58
216            android:value="@integer/google_play_services_version" />
216-->[com.google.android.gms:play-services-basement:17.0.0] AndroidManifest.xml:25:13-66
217    </application>
218
219</manifest>